C:\USERS\JOHN\DOCUMENTS\VISUAL STUDIO 2012\PROJECTS\DESIGNPATTERN\DESIGNPATTERN\DEBUG\MAIN.OBJ
C:\USERS\JOHN\DOCUMENTS\VISUAL STUDIO 2012\PROJECTS\DESIGNPATTERN\DESIGNPATTERN\DEBUG\SIMPLEFACTORYMODE.OBJ
C:\USERS\JOHN\DOCUMENTS\VISUAL STUDIO 2012\PROJECTS\DESIGNPATTERN\DESIGNPATTERN\DEBUG\VC110.PDB
C:\USERS\JOHN\DOCUMENTS\VISUAL STUDIO 2012\PROJECTS\DESIGNPATTERN\DESIGNPATTERN\DEBUG\DECORATOR.OBJ
C:\USERS\JOHN\DOCUMENTS\VISUAL STUDIO 2012\PROJECTS\DESIGNPATTERN\DESIGNPATTERN\DEBUG\STRATEGYMODE.OBJ
C:\USERS\JOHN\DOCUMENTS\VISUAL STUDIO 2012\PROJECTS\DESIGNPATTERN\DEBUG\DESIGNPATTERN.ILK
C:\USERS\JOHN\DOCUMENTS\VISUAL STUDIO 2012\PROJECTS\DESIGNPATTERN\DEBUG\DESIGNPATTERN.EXE
C:\USERS\JOHN\DOCUMENTS\VISUAL STUDIO 2012\PROJECTS\DESIGNPATTERN\DEBUG\DESIGNPATTERN.PDB
C:\Users\john\documents\visual studio 2012\Projects\DesignPattern\DesignPattern\Debug\Decorator.obj
C:\Users\john\documents\visual studio 2012\Projects\DesignPattern\DesignPattern\Debug\main.obj
C:\Users\john\documents\visual studio 2012\Projects\DesignPattern\DesignPattern\Debug\SimpleFactoryMode.obj
C:\Users\john\documents\visual studio 2012\Projects\DesignPattern\DesignPattern\Debug\StrategyMode.obj
C:\Users\john\documents\visual studio 2012\Projects\DesignPattern\DesignPattern\Debug\cl.command.1.tlog
C:\Users\john\documents\visual studio 2012\Projects\DesignPattern\DesignPattern\Debug\CL.read.1.tlog
C:\Users\john\documents\visual studio 2012\Projects\DesignPattern\DesignPattern\Debug\CL.write.1.tlog
C:\Users\john\documents\visual studio 2012\Projects\DesignPattern\DesignPattern\Debug\link-cvtres.read.1.tlog
C:\Users\john\documents\visual studio 2012\Projects\DesignPattern\DesignPattern\Debug\link-cvtres.write.1.tlog
C:\Users\john\documents\visual studio 2012\Projects\DesignPattern\DesignPattern\Debug\link-rc.read.1.tlog
C:\Users\john\documents\visual studio 2012\Projects\DesignPattern\DesignPattern\Debug\link-rc.write.1.tlog
C:\Users\john\documents\visual studio 2012\Projects\DesignPattern\DesignPattern\Debug\link.4696-cvtres.read.1.tlog
C:\Users\john\documents\visual studio 2012\Projects\DesignPattern\DesignPattern\Debug\link.4696-cvtres.write.1.tlog
C:\Users\john\documents\visual studio 2012\Projects\DesignPattern\DesignPattern\Debug\link.4696-rc.read.1.tlog
C:\Users\john\documents\visual studio 2012\Projects\DesignPattern\DesignPattern\Debug\link.4696-rc.write.1.tlog
C:\Users\john\documents\visual studio 2012\Projects\DesignPattern\DesignPattern\Debug\link.4696.read.1.tlog
C:\Users\john\documents\visual studio 2012\Projects\DesignPattern\DesignPattern\Debug\link.4696.write.1.tlog
C:\Users\john\documents\visual studio 2012\Projects\DesignPattern\DesignPattern\Debug\link.command.1.tlog
C:\Users\john\documents\visual studio 2012\Projects\DesignPattern\DesignPattern\Debug\link.read.1.tlog
C:\Users\john\documents\visual studio 2012\Projects\DesignPattern\DesignPattern\Debug\link.write.1.tlog
C:\Users\john\documents\visual studio 2012\Projects\DesignPattern\DesignPattern\Debug\vc110.idb
C:\Users\john\documents\visual studio 2012\Projects\DesignPattern\DesignPattern\Debug\vc110.pdb
C:\Users\john\documents\visual studio 2012\Projects\DesignPattern\Debug\DesignPattern.pdb
C:\Users\john\documents\visual studio 2012\Projects\DesignPattern\Debug\DesignPattern.exe
C:\Users\john\documents\visual studio 2012\Projects\DesignPattern\Debug\DesignPattern.ilk
